PDFiD 0.2.8 breaking-away.pdf
 PDF Header: %PDF-1.4
 obj                   33
 endobj                33
 stream                10
 endstream             10
 xref                   1
 trailer                1
 startxref              1
 /Page                  4
 /Encrypt               0
 /ObjStm                0
 /JS                    0
 /JavaScript            0
 /AA                    0
 /OpenAction            0
 /AcroForm              0
 /JBIG2Decode           0
 /RichMedia             0
 /Launch                0
 /EmbeddedFile          0
 /XFA                   0
 /Colors > 2^24         0

PDFiD 0.2.8 breaking-away.pdf
 PDF Header: %PDF-1.4
 obj                   33
 endobj                33
 stream                10
 endstream             10
 xref                   1
 trailer                1
 startxref              1
 /Page                  4
 /Encrypt               0
 /ObjStm                0
 /JS                    0
 /JavaScript            0
 /AA                    0
 /OpenAction            0
 /AcroForm              0
 /JBIG2Decode           0
 /RichMedia             0
 /Launch                0
 /EmbeddedFile          0
 /XFA                   0
 /Colors > 2^24         0

